<?xml version="1.0" encoding="UTF-8"?>
<!-- Generated by org.testng.reporters.JUnitReportReporter -->
<testsuite hostname="DESKTOP-FDVQT6H" failures="0" tests="1" name="tests.RestApiExample" time="3.391" errors="0" timestamp="2023-10-30T09:36:21 EET" skipped="0">
  <testcase classname="tests.RestApiExample" name="postATodoTest" time="3.391"/>
</testsuite> <!-- tests.RestApiExample -->
