<?xml version="1.0" encoding="UTF-8"?>
<!-- Generated by org.testng.reporters.JUnitReportReporter -->
<testsuite hostname="DESKTOP-FDVQT6H" failures="0" tests="1" name="tests.CrudExamples" time="1.998" errors="0" timestamp="2023-10-30T09:36:53 EET" skipped="0">
  <testcase classname="tests.CrudExamples" name="postATodoMessage" time="1.998"/>
</testsuite> <!-- tests.CrudExamples -->
